<?xml version="1.0" encoding="UTF-8"?>
<!-- Generated by org.testng.reporters.JUnitReportReporter -->
<testsuite hostname="DESKTOP-MSMHD9B" failures="0" tests="2" name="tests.Testing2" time="0.000" errors="0" timestamp="18 Sep. 2022 22:46:49 GMT" skipped="0">
  <testcase classname="tests.Testing2" name="Test4" time="0.000"/>
  <testcase classname="tests.Testing2" name="Test3" time="0.000"/>
</testsuite> <!-- tests.Testing2 -->
