<?xml version="1.0" encoding="UTF-8"?>
<!-- Generated by org.testng.reporters.JUnitReportReporter -->
<testsuite hostname="DESKTOP-MSMHD9B" failures="0" tests="4" name="tests.Testing1" time="0.000" errors="0" timestamp="18 Sep. 2022 22:46:49 GMT" skipped="0">
  <testcase classname="tests.Testing1" name="test1" time="0.000"/>
  <testcase classname="tests.Testing1" name="test2" time="0.000"/>
  <testcase classname="tests.Testing1" name="f" time="0.000"/>
  <testcase classname="tests.Testing1" name="f" time="0.000"/>
</testsuite> <!-- tests.Testing1 -->
