<?xml version="1.0" encoding="UTF-8"?>
<!-- Generated by org.testng.reporters.JUnitReportReporter -->
<testsuite hostname="DESKTOP-MSMHD9B" failures="0" tests="1" name="tests.AppTest" time="0.016" errors="0" timestamp="18 Sep. 2022 22:46:49 GMT" skipped="0">
  <testcase classname="tests.AppTest" name="shouldAnswerWithTrue" time="0.016"/>
</testsuite> <!-- tests.AppTest -->
